[1703412205] warming up the model with an empty run
[1703412230] top 10 candidates:
[1703412230]  -  3044: '         nat' (0.386)
[1703412230]  - 15789: '          Ja' (0.114)
[1703412230]  -  9736: '         Nat' (0.080)
[1703412230]  - 29028: '          ¡' (0.064)
[1703412230]  - 29290: '         ‚' (0.033)
[1703412230]  -  6756: '        Hall' (0.029)
[1703412230]  - 29207: '         ‎' (0.024)
[1703412230]  - 10987: '          ja' (0.023)
[1703412230]  - 28740: '           1' (0.022)
[1703412230]  - 15025: '         Von' (0.022)
[1703412230] sampled token: 10987: ' ja'
[1703412230] top 10 candidates:
[1703412230]  - 28725: '           ,' (0.818)
[1703412230]  -  3044: '         nat' (0.100)
[1703412230]  -  1808: '         von' (0.037)
[1703412230]  - 15364: '         ich' (0.029)
[1703412230]  - 28808: '           !' (0.003)
[1703412230]  - 27774: '         Ich' (0.002)
[1703412230]  -  8271: '      native' (0.001)
[1703412230]  - 12556: '        stim' (0.001)
[1703412230]  -  9322: '         vom' (0.001)
[1703412230]  - 15557: '        kann' (0.001)
[1703412230] sampled token: 28725: ','
[1703412231] top 10 candidates:
[1703412231]  - 15364: '         ich' (0.718)
[1703412231]  -  1808: '         von' (0.097)
[1703412231]  -  3044: '         nat' (0.075)
[1703412231]  - 15557: '        kann' (0.020)
[1703412231]  -  2725: '         ant' (0.019)
[1703412231]  -  2286: '         bit' (0.014)
[1703412231]  -   528: '          me' (0.012)
[1703412231]  - 27774: '         Ich' (0.007)
[1703412231]  - 12556: '        stim' (0.003)
[1703412231]  -   290: '           m' (0.002)
[1703412231] sampled token:  3044: ' nat'
[1703412231] top 10 candidates:
[1703412231]  -  2355: '         ür' (0.752)
[1703412231]  -  3807: '         uer' (0.207)
[1703412231]  - 18287: '         uur' (0.009)
[1703412231]  - 29364: '          Ã' (0.009)
[1703412231]  - 29635: '         ├' (0.007)
[1703412231]  -  2179: '         url' (0.006)
[1703412231]  - 28837: '          ü' (0.003)
[1703412231]  - 28718: '           u' (0.002)
[1703412231]  - 30147: '         √' (0.001)
[1703412231]  -   441: '          ue' (0.001)
[1703412231] sampled token:  2355: 'ür'
[1703412231] top 10 candidates:
[1703412231]  -  3744: '        lich' (1.000)
[1703412231]  - 18241: '      licher' (0.000)
[1703412231]  -  4310: '         lig' (0.000)
[1703412231]  - 13236: '         lij' (0.000)
[1703412231]  -  8518: '       liche' (0.000)
[1703412231]  -  7246: '      lichen' (0.000)
[1703412231]  - 28714: '           l' (0.000)
[1703412231]  -   577: '         lic' (0.000)
[1703412231]  -   539: '         ich' (0.000)
[1703412231]  - 28707: '           t' (0.000)
[1703412231] sampled token:  3744: 'lich'
[1703412232] top 10 candidates:
[1703412232]  - 28808: '           !' (0.388)
[1703412232]  - 28723: '           .' (0.176)
[1703412232]  -   387: '           -' (0.169)
[1703412232]  - 28725: '           ,' (0.149)
[1703412232]  - 15557: '        kann' (0.068)
[1703412232]  - 28745: '           ;' (0.013)
[1703412232]  - 28747: '           :' (0.010)
[1703412232]  - 19766: '     können' (0.005)
[1703412232]  -  2725: '         ant' (0.005)
[1703412232]  -   541: '         can' (0.002)
[1703412232] sampled token:   387: ' -'
[1703412232] top 10 candidates:
[1703412232]  - 15557: '        kann' (0.199)
[1703412232]  -  3821: '         Ant' (0.125)
[1703412232]  - 15364: '         ich' (0.102)
[1703412232]  -  2725: '         ant' (0.082)
[1703412232]  -   528: '          me' (0.044)
[1703412232]  -   340: '          de' (0.043)
[1703412232]  - 26640: '        sage' (0.042)
[1703412232]  -  1543: '         sch' (0.028)
[1703412232]  -  2286: '         bit' (0.026)
[1703412232]  - 27774: '         Ich' (0.025)
[1703412232] sampled token:   340: ' de'
[1703412232] top 10 candidates:
[1703412232]  -   473: '         ine' (0.964)
[1703412232]  -   262: '          in' (0.028)
[1703412232]  -  9284: '        inen' (0.004)
[1703412232]  -  4828: '        iner' (0.004)
[1703412232]  - 16083: '      utsche' (0.000)
[1703412232]  -  5472: '         INE' (0.000)
[1703412232]  -  1303: '        ines' (0.000)
[1703412232]  -   288: '         ing' (0.000)
[1703412232]  -  7752: '        inet' (0.000)
[1703412232]  -  1380: '         ina' (0.000)
[1703412232] sampled token:   473: 'ine'
[1703412233] top 10 candidates:
[1703412233]  -  1361: '          Fr' (0.996)
[1703412233]  -  1094: '          An' (0.001)
[1703412233]  - 11334: '        frag' (0.000)
[1703412233]  -  1739: '          Be' (0.000)
[1703412233]  - 10373: '        Such' (0.000)
[1703412233]  -  1054: '           Z' (0.000)
[1703412233]  -  1104: '          fr' (0.000)
[1703412233]  -  7496: '        Nach' (0.000)
[1703412233]  - 11975: '         Vor' (0.000)
[1703412233]  -   401: '           F' (0.000)
[1703412233] sampled token:  1361: ' Fr'
[1703412233] top 10 candidates:
[1703412233]  -   465: '         age' (0.999)
[1703412233]  -   357: '          ag' (0.000)
[1703412233]  -  5786: '        agen' (0.000)
[1703412233]  - 17773: '        agem' (0.000)
[1703412233]  -  1742: '        ager' (0.000)
[1703412233]  -  6130: '         AGE' (0.000)
[1703412233]  -  1291: '        ages' (0.000)
[1703412233]  -  6627: '      agment' (0.000)
[1703412233]  - 14702: '       agent' (0.000)
[1703412233]  -   909: '        ange' (0.000)
[1703412233] sampled token:   465: 'age'
[1703412233] top 10 candidates:
[1703412233]  -  7765: '        oder' (0.400)
[1703412233]  -  2286: '         bit' (0.280)
[1703412233]  - 28725: '           ,' (0.052)
[1703412233]  -  3103: '         ist' (0.046)
[1703412233]  -  7534: '        wird' (0.028)
[1703412233]  - 28804: '           ?' (0.025)
[1703412233]  -   281: '           d' (0.017)
[1703412233]  -   640: '         und' (0.015)
[1703412233]  -  3155: '          zu' (0.013)
[1703412233]  -   275: '           w' (0.008)
[1703412233] sampled token:  7765: ' oder'
[1703412234] top 10 candidates:
[1703412234]  -   365: '           B' (0.519)
[1703412234]  -   415: '         The' (0.219)
[1703412234]  -  1094: '          An' (0.126)
[1703412234]  -  9227: '         Kom' (0.050)
[1703412234]  -  8914: '         Auf' (0.019)
[1703412234]  -  7352: '         Aus' (0.014)
[1703412234]  - 24857: '     Problem' (0.011)
[1703412234]  - 11975: '         Vor' (0.007)
[1703412234]  -  2846: '         das' (0.006)
[1703412234]  -  1133: '         Pro' (0.004)
[1703412234] sampled token:   365: ' B'
[1703412234] top 10 candidates:
[1703412234]  -   366: '          em' (0.562)
[1703412234]  - 15553: '         egr' (0.282)
[1703412234]  -  6497: '         ede' (0.039)
[1703412234]  - 11245: '        eden' (0.030)
[1703412234]  -   797: '          ef' (0.027)
[1703412234]  - 25906: '     egründ' (0.021)
[1703412234]  -  1643: '         ele' (0.020)
[1703412234]  - 24067: '         emu' (0.003)
[1703412234]  - 25922: '         efe' (0.003)
[1703412234]  -  1649: '         ots' (0.002)
[1703412234] sampled token:   366: 'em'
[1703412234] top 10 candidates:
[1703412234]  -  6751: '         erk' (0.840)
[1703412234]  -   263: '          er' (0.069)
[1703412234]  - 11472: '         üh' (0.048)
[1703412234]  -   329: '          ut' (0.016)
[1703412234]  - 28837: '          ü' (0.006)
[1703412234]  -  7605: '        äng' (0.004)
[1703412234]  -  8884: '          uh' (0.003)
[1703412234]  - 11270: '         üt' (0.002)
[1703412234]  -   817: '          ng' (0.001)
[1703412234]  -  7244: '         bel' (0.001)
[1703412234] sampled token:  6751: 'erk'
[1703412234] top 10 candidates:
[1703412234]  -   969: '         ung' (0.995)
[1703412234]  -  4540: '       ungen' (0.005)
[1703412234]  -  6571: '        ungs' (0.000)
[1703412234]  -   370: '          un' (0.000)
[1703412234]  - 21614: '        unge' (0.000)
[1703412234]  -   288: '         ing' (0.000)
[1703412234]  - 15065: '        nung' (0.000)
[1703412234]  - 13005: '        lung' (0.000)
[1703412234]  - 22082: '       ungle' (0.000)
[1703412234]  -   602: '         ang' (0.000)
[1703412234] sampled token:   969: 'ung'
[1703412235] top 10 candidates:
[1703412235]  -  2286: '         bit' (0.656)
[1703412235]  -  8311: '         tut' (0.048)
[1703412235]  -  9654: '        hier' (0.035)
[1703412235]  - 28725: '           ,' (0.034)
[1703412235]  -   467: '          tr' (0.033)
[1703412235]  - 15557: '        kann' (0.016)
[1703412235]  -   268: '           s' (0.012)
[1703412235]  -  1234: '          er' (0.012)
[1703412235]  -   290: '           m' (0.011)
[1703412235]  -  8582: '          tu' (0.011)
[1703412235] sampled token:  2286: ' bit'
[1703412235] top 10 candidates:
[1703412235]  -   424: '          te' (1.000)
[1703412235]  -  3392: '          TE' (0.000)
[1703412235]  - 17890: '         tek' (0.000)
[1703412235]  -  6498: '        teen' (0.000)
[1703412235]  - 14084: '        teil' (0.000)
[1703412235]  -  1078: '        те' (0.000)
[1703412235]  -  4690: '         tex' (0.000)
[1703412235]  -  1210: '         ten' (0.000)
[1703412235]  -   434: '          tr' (0.000)
[1703412235]  -  6267: '         tee' (0.000)
[1703412235] sampled token:   424: 'te'
[1703412235] top 10 candidates:
[1703412235]  -   307: '           n' (0.552)
[1703412235]  -   319: '           g' (0.109)
[1703412235]  -  1543: '         sch' (0.070)
[1703412235]  -  1221: '        form' (0.069)
[1703412235]  -  1234: '          er' (0.034)
[1703412235]  -  1796: '         ein' (0.016)
[1703412235]  -   268: '           s' (0.012)
[1703412235]  -   341: '          st' (0.011)
[1703412235]  -   396: '          an' (0.011)
[1703412235]  -   711: '          te' (0.011)
[1703412235] sampled token:  1221: ' form'
[1703412236] top 10 candidates:
[1703412236]  -   353: '          ul' (0.991)
[1703412236]  - 11815: '         uli' (0.008)
[1703412236]  - 24782: '         uld' (0.000)
[1703412236]  -  1098: '        ular' (0.000)
[1703412236]  -   678: '         ull' (0.000)
[1703412236]  -  6212: '       ulate' (0.000)
[1703412236]  -  6432: '      ulated' (0.000)
[1703412236]  -   301: '          el' (0.000)
[1703412236]  - 21834: '       ulent' (0.000)
[1703412236]  - 26885: '      ulates' (0.000)
[1703412236] sampled token:   353: 'ul'
[1703412236] top 10 candidates:
[1703412236]  - 11958: '       ieren' (0.962)
[1703412236]  -   749: '         ier' (0.038)
[1703412236]  -  6257: '        iert' (0.000)
[1703412236]  - 16302: '        iere' (0.000)
[1703412236]  - 18271: '      ierten' (0.000)
[1703412236]  -   412: '          ie' (0.000)
[1703412236]  - 11911: '      ierung' (0.000)
[1703412236]  -  8912: '       ierte' (0.000)
[1703412236]  -  3378: '        iers' (0.000)
[1703412236]  - 10833: '        pier' (0.000)
[1703412236] sampled token: 11958: 'ieren'
[1703412236] top 10 candidates:
[1703412236]  -   640: '         und' (0.802)
[1703412236]  - 28725: '           ,' (0.127)
[1703412236]  - 28808: '           !' (0.035)
[1703412236]  - 28723: '           .' (0.017)
[1703412236]  - 28804: '           ?' (0.014)
[1703412236]  - 28745: '           ;' (0.001)
[1703412236]  -  7765: '        oder' (0.001)
[1703412236]  - 11030: '          ?.' (0.000)
[1703412236]  - 24542: '          ?,' (0.000)
[1703412236]  - 19870: '         Und' (0.000)
[1703412236] sampled token:   640: ' und'
[1703412237] top 10 candidates:
[1703412237]  - 15364: '         ich' (0.942)
[1703412237]  - 18093: '        dann' (0.006)
[1703412237]  -  1543: '         sch' (0.005)
[1703412237]  -   319: '           g' (0.005)
[1703412237]  -   622: '        will' (0.003)
[1703412237]  - 11555: '         dan' (0.003)
[1703412237]  - 25609: '         wir' (0.003)
[1703412237]  -   290: '           m' (0.002)
[1703412237]  -  3037: '         wer' (0.002)
[1703412237]  -  1234: '          er' (0.002)
[1703412237] sampled token: 15364: ' ich'
[1703412237] top 10 candidates:
[1703412237]  -  1172: '         hel' (0.241)
[1703412237]  -  2725: '         ant' (0.151)
[1703412237]  -  3037: '         wer' (0.109)
[1703412237]  -  3502: '        vers' (0.108)
[1703412237]  -   341: '          st' (0.048)
[1703412237]  -   622: '        will' (0.039)
[1703412237]  -   319: '           g' (0.032)
[1703412237]  -   290: '           m' (0.024)
[1703412237]  -   295: '           h' (0.024)
[1703412237]  -   275: '           w' (0.018)
[1703412237] sampled token:  3502: ' vers'
[1703412237] top 10 candidates:
[1703412237]  - 28718: '           u' (0.937)
[1703412237]  -   903: '         uch' (0.039)
[1703412237]  -  1485: '          uc' (0.021)
[1703412237]  -  3960: '        chie' (0.001)
[1703412237]  - 12783: '         uce' (0.001)
[1703412237]  - 19113: '        ucht' (0.001)
[1703412237]  -  1779: '         pre' (0.000)
[1703412237]  -  3816: '        orge' (0.000)
[1703412237]  - 20550: '         ucc' (0.000)
[1703412237]  - 28837: '          ü' (0.000)
[1703412237] sampled token: 28718: 'u'
[1703412238] top 10 candidates:
[1703412238]  -   631: '         che' (1.000)
[1703412238]  - 11222: '        oche' (0.000)
[1703412238]  - 24176: '        chte' (0.000)
[1703412238]  -  5680: '        iche' (0.000)
[1703412238]  - 25062: '        chez' (0.000)
[1703412238]  -  9526: '         ße' (0.000)
[1703412238]  -   265: '          he' (0.000)
[1703412238]  - 24388: '        chet' (0.000)
[1703412238]  -  1374: '          ze' (0.000)
[1703412238]  -  1696: '        че' (0.000)
[1703412238] sampled token:   631: 'che'
[1703412238] top 10 candidates:
[1703412238]  -   528: '          me' (0.254)
[1703412238]  - 28725: '           ,' (0.219)
[1703412238]  -  3155: '          zu' (0.132)
[1703412238]  -  3834: '        eine' (0.123)
[1703412238]  -   290: '           m' (0.060)
[1703412238]  -   544: '         all' (0.042)
[1703412238]  -   295: '           h' (0.017)
[1703412238]  -  1796: '         ein' (0.016)
[1703412238]  -  3821: '         Ant' (0.011)
[1703412238]  -  1037: '          es' (0.011)
[1703412238] sampled token:   528: ' me'
[1703412238] top 10 candidates:
[1703412238]  -   262: '          in' (0.955)
[1703412238]  -   473: '         ine' (0.035)
[1703412238]  -  9284: '        inen' (0.005)
[1703412238]  -  4828: '        iner' (0.003)
[1703412238]  - 28710: '           i' (0.001)
[1703412238]  - 28716: '           h' (0.000)
[1703412238]  -  1303: '        ines' (0.000)
[1703412238]  -  6508: '        iste' (0.000)
[1703412238]  - 27056: '         hre' (0.000)
[1703412238]  -  1375: '         ien' (0.000)
[1703412238] sampled token:   262: 'in'
[1703412239] top 10 candidates:
[1703412239]  -  1489: '        best' (0.602)
[1703412239]  -  5470: '        Best' (0.291)
[1703412239]  -   374: '         est' (0.030)
[1703412239]  -  4852: '         lie' (0.011)
[1703412239]  -  7939: '        este' (0.010)
[1703412239]  - 19495: '       beste' (0.007)
[1703412239]  -   366: '          em' (0.006)
[1703412239]  - 13521: '        best' (0.004)
[1703412239]  -   711: '          te' (0.003)
[1703412239]  -  2453: '         ste' (0.003)
[1703412239] sampled token:  5470: ' Best'
[1703412239] top 10 candidates:
[1703412239]  -   274: '          es' (0.994)
[1703412239]  -   269: '          en' (0.004)
[1703412239]  - 28719: '           m' (0.000)
[1703412239]  -   343: '         ver' (0.000)
[1703412239]  -   596: '         ens' (0.000)
[1703412239]  - 10354: '         bes' (0.000)
[1703412239]  - 28706: '           e' (0.000)
[1703412239]  -   740: '        vers' (0.000)
[1703412239]  -  8645: '         imm' (0.000)
[1703412239]  - 28726: '           b' (0.000)
[1703412239] sampled token:   274: 'es'
[1703412239] top 10 candidates:
[1703412239]  -  3155: '          zu' (0.910)
[1703412239]  -  6156: '         zur' (0.020)
[1703412239]  -   396: '          an' (0.015)
[1703412239]  -  8448: '         dar' (0.012)
[1703412239]  -  3446: '        für' (0.009)
[1703412239]  -   559: '         her' (0.005)
[1703412239]  - 28725: '           ,' (0.004)
[1703412239]  -  6103: '         zum' (0.004)
[1703412239]  -  1796: '         ein' (0.003)
[1703412239]  -   281: '           d' (0.003)
[1703412239] sampled token:  3155: ' zu'
[1703412240] top 10 candidates:
[1703412240]  -  2968: '       bring' (0.329)
[1703412240]  -   319: '           g' (0.287)
[1703412240]  -   287: '           b' (0.271)
[1703412240]  -  7014: '       unter' (0.017)
[1703412240]  -  2725: '         ant' (0.010)
[1703412240]  -  3821: '         Ant' (0.008)
[1703412240]  -  7026: '       einem' (0.008)
[1703412240]  -   462: '          le' (0.007)
[1703412240]  -   347: '          be' (0.006)
[1703412240]  -  6578: '        sein' (0.006)
[1703412240] sampled token:  2968: ' bring'
[1703412240] top 10 candidates:
[1703412240]  -   269: '          en' (1.000)
[1703412240]  - 28711: '           n' (0.000)
[1703412240]  - 28723: '           .' (0.000)
[1703412240]  - 28706: '           e' (0.000)
[1703412240]  - 28725: '           ,' (0.000)
[1703412240]  -   286: '          ed' (0.000)
[1703412240]  -  1020: '          EN' (0.000)
[1703412240]  -   263: '          er' (0.000)
[1703412240]  -   596: '         ens' (0.000)
[1703412240]  - 12228: '         eln' (0.000)
[1703412240] sampled token:   269: 'en'
[1703412240] top 10 candidates:
[1703412240]  - 28723: '           .' (0.307)
[1703412240]  -  3205: '          um' (0.232)
[1703412240]  - 28808: '           !' (0.150)
[1703412240]  - 28725: '           ,' (0.084)
[1703412240]  -   297: '          in' (0.075)
[1703412240]  -  6156: '         zur' (0.056)
[1703412240]  -  2835: '         als' (0.039)
[1703412240]  -  6103: '         zum' (0.012)
[1703412240]  -  3446: '        für' (0.008)
[1703412240]  -   503: '          im' (0.007)
[1703412240] sampled token: 28723: '.'
[1703412241] top 10 candidates:
[1703412241]  -   325: '           (' (0.272)
[1703412241]  -    13: '           
' (0.207)
[1703412241]  -  1247: '        User' (0.190)
[1703412241]  -   560: '          In' (0.034)
[1703412241]  - 27774: '         Ich' (0.030)
[1703412241]  -  1343: '          De' (0.029)
[1703412241]  -     2: '            ' (0.028)
[1703412241]  - 15729: '         Hab' (0.021)
[1703412241]  -   394: '           W' (0.021)
[1703412241]  -  4121: '         Ben' (0.016)
[1703412241] sampled token:   325: ' ('
[1703412241] top 10 candidates:
[1703412241]  -  6325: '         Can' (0.512)
[1703412241]  - 28777: '           G' (0.104)
[1703412241]  - 25825: ' Translation' (0.091)
[1703412241]  - 28737: '           I' (0.069)
[1703412241]  -  4230: '         can' (0.046)
[1703412241]  -   657: '          In' (0.029)
[1703412241]  - 27871: '     English' (0.028)
[1703412241]  -  5613: '         Yes' (0.018)
[1703412241]  - 23166: '       Sorry' (0.011)
[1703412241]  -  1694: ' translation' (0.010)
[1703412241] sampled token: 28777: 'G'
[1703412241] top 10 candidates:
[1703412241]  -  9358: '       erman' (0.994)
[1703412241]  -  8142: '        uten' (0.001)
[1703412241]  -  5289: '        esch' (0.001)
[1703412241]  -  1562: '         ott' (0.001)
[1703412241]  -  1723: '         ute' (0.001)
[1703412241]  - 15046: '         ibt' (0.000)
[1703412241]  -   263: '          er' (0.000)
[1703412241]  -   329: '          ut' (0.000)
[1703412241]  -  5567: '      German' (0.000)
[1703412241]  -   322: '          ot' (0.000)
[1703412241] sampled token:  9358: 'erman'
[1703412242] top 10 candidates:
[1703412242]  - 28731: '           )' (0.492)
[1703412242]  - 28747: '           :' (0.191)
[1703412242]  -   354: '         for' (0.157)
[1703412242]  - 13846: ' translation' (0.059)
[1703412242]  - 28725: '           ,' (0.014)
[1703412242]  -  2751: '     version' (0.014)
[1703412242]  -  1329: '          ):' (0.010)
[1703412242]  -  2899: '    response' (0.010)
[1703412242]  - 28745: '           ;' (0.009)
[1703412242]  -   387: '           -' (0.008)
[1703412242] sampled token: 13846: ' translation'
[1703412242] top 10 candidates:
[1703412242]  - 28747: '           :' (0.728)
[1703412242]  - 28731: '           )' (0.124)
[1703412242]  -   354: '         for' (0.039)
[1703412242]  -   297: '          in' (0.029)
[1703412242]  -   302: '          of' (0.022)
[1703412242]  -   387: '           -' (0.017)
[1703412242]  -  3857: '    provided' (0.006)
[1703412242]  -   304: '         and' (0.005)
[1703412242]  - 28725: '           ,' (0.004)
[1703412242]  -   477: '        from' (0.004)
[1703412242] sampled token:   387: ' -'
[1703412242] top 10 candidates:
[1703412242]  -   345: '           "' (0.664)
[1703412242]  -  6756: '        Hall' (0.135)
[1703412242]  -  4300: '     English' (0.032)
[1703412242]  -  7224: '        hall' (0.025)
[1703412242]  - 15359: '          Hi' (0.017)
[1703412242]  -   464: '           '' (0.015)
[1703412242]  -   315: '           I' (0.011)
[1703412242]  -   382: '           H' (0.011)
[1703412242]  -   541: '         can' (0.009)
[1703412242]  -  2418: '         Can' (0.009)
[1703412242] sampled token:   345: ' "'
[1703412243] top 10 candidates:
[1703412243]  - 28769: '           H' (0.226)
[1703412243]  -  9780: '         yes' (0.130)
[1703412243]  -  5613: '         Yes' (0.111)
[1703412243]  - 23809: '          Hi' (0.109)
[1703412243]  - 16230: '       Hello' (0.084)
[1703412243]  -  2831: '          ja' (0.083)
[1703412243]  -  5365: '          hi' (0.080)
[1703412243]  -  6325: '         Can' (0.029)
[1703412243]  - 15766: '         Hey' (0.026)
[1703412243]  - 28737: '           I' (0.025)
[1703412243] sampled token: 23809: 'Hi'
[1703412243] top 10 candidates:
[1703412243]  - 28725: '           ,' (0.942)
[1703412243]  -  5157: '          ya' (0.015)
[1703412243]  -   736: '       there' (0.011)
[1703412243]  - 28723: '           .' (0.005)
[1703412243]  -   541: '         can' (0.004)
[1703412243]  -   548: '          ",' (0.003)
[1703412243]  - 15557: '        kann' (0.002)
[1703412243]  - 28739: '           "' (0.002)
[1703412243]  -  7187: '          ye' (0.001)
[1703412243]  - 28808: '           !' (0.001)
[1703412243] sampled token: 28725: ','
[1703412243] top 10 candidates:
[1703412243]  -   541: '         can' (0.973)
[1703412243]  - 15557: '        kann' (0.009)
[1703412243]  -   460: '         are' (0.008)
[1703412243]  -   368: '         you' (0.003)
[1703412243]  - 19766: '     können' (0.002)
[1703412243]  - 10353: '         kan' (0.001)
[1703412243]  -   446: '           k' (0.001)
[1703412243]  -   349: '          is' (0.000)
[1703412243]  -   829: '       could' (0.000)
[1703412243]  -  5081: '         yes' (0.000)
[1703412243] sampled token:   541: ' can'
[1703412244] top 10 candidates:
[1703412244]  -   368: '         you' (0.999)
[1703412244]  -   315: '           I' (0.000)
[1703412244]  - 28742: '           '' (0.000)
[1703412244]  -   303: '          st' (0.000)
[1703412244]  -   733: '           [' (0.000)
[1703412244]  -   995: '         You' (0.000)
[1703412244]  -   378: '          it' (0.000)
[1703412244]  -   574: '        your' (0.000)
[1703412244]  -   325: '           (' (0.000)
[1703412244]  - 28748: '           /' (0.000)
[1703412244] sampled token:   368: ' you'
[1703412244] top 10 candidates:
[1703412244]  -  4372: '      answer' (0.720)
[1703412244]  -  9421: '     respond' (0.266)
[1703412244]  - 10071: '       reply' (0.013)
[1703412244]  -  2111: '        give' (0.000)
[1703412244]  -  2899: '    response' (0.000)
[1703412244]  -  2603: '      respon' (0.000)
[1703412244]  -   733: '           [' (0.000)
[1703412244]  -  3084: '     provide' (0.000)
[1703412244]  - 13035: '       react' (0.000)
[1703412244]  -  4085: '       speak' (0.000)
[1703412244] sampled token:  4372: ' answer'
[1703412244] top 10 candidates:
[1703412244]  -  1110: '          ?"' (0.631)
[1703412244]  - 28804: '           ?' (0.305)
[1703412244]  -   369: '        that' (0.025)
[1703412244]  -   852: '        back' (0.022)
[1703412244]  -   528: '          me' (0.005)
[1703412244]  -  1545: '   something' (0.002)
[1703412244]  - 28739: '           "' (0.001)
[1703412244]  - 28748: '           /' (0.001)
[1703412244]  -  1368: '         too' (0.001)
[1703412244]  - 27257: '          "?' (0.001)
[1703412244] sampled token:  1110: '?"'
[1703412245] top 10 candidates:
[1703412245]  - 28731: '           )' (0.924)
[1703412245]  -   345: '           "' (0.020)
[1703412245]  - 26307: '      Answer' (0.005)
[1703412245]  -   315: '           I' (0.005)
[1703412245]  -   387: '           -' (0.005)
[1703412245]  - 28747: '           :' (0.004)
[1703412245]  -   609: '          ).' (0.004)
[1703412245]  -  1247: '        User' (0.004)
[1703412245]  -   297: '          in' (0.003)
[1703412245]  -   304: '         and' (0.003)
[1703412245] sampled token: 28731: ')'
[1703412245] top 10 candidates:
[1703412245]  -    13: '           
' (0.493)
[1703412245]  -  1247: '        User' (0.178)
[1703412245]  -     2: '            ' (0.083)
[1703412245]  - 26307: '      Answer' (0.037)
[1703412245]  -   730: '        User' (0.035)
[1703412245]  -  2418: '         Can' (0.023)
[1703412245]  -   560: '          In' (0.016)
[1703412245]  -  1824: '        What' (0.015)
[1703412245]  -  3604: '        Your' (0.015)
[1703412245]  -   315: '           I' (0.010)
[1703412245] sampled token:     2: ''
[1703412276] top 10 candidates:
[1703412276]  -    13: '           
' (0.175)
[1703412276]  -   315: '           I' (0.087)
[1703412276]  - 27774: '         Ich' (0.076)
[1703412276]  - 28740: '           1' (0.058)
[1703412276]  -  3154: '       today' (0.052)
[1703412276]  - 15364: '         ich' (0.044)
[1703412276]  - 28770: '           3' (0.034)
[1703412276]  - 29207: '         ‎' (0.032)
[1703412276]  -   394: '           W' (0.030)
[1703412276]  - 29028: '          ¡' (0.030)
[1703412276] sampled token:  3154: ' today'
[1703412277] top 10 candidates:
[1703412277]  - 28725: '           ,' (0.254)
[1703412277]  - 28804: '           ?' (0.218)
[1703412277]  -   354: '         for' (0.131)
[1703412277]  -   349: '          is' (0.131)
[1703412277]  -   315: '           I' (0.119)
[1703412277]  -   613: '           i' (0.031)
[1703412277]  -   910: '         how' (0.016)
[1703412277]  -   378: '          it' (0.012)
[1703412277]  -   368: '         you' (0.009)
[1703412277]  -  1580: '        must' (0.009)
[1703412277] sampled token: 28804: '?'
[1703412277] top 10 candidates:
[1703412277]  -   315: '           I' (0.564)
[1703412277]  -  1602: '         How' (0.148)
[1703412277]  -   661: '          It' (0.034)
[1703412277]  -  1263: '         For' (0.026)
[1703412277]  -   910: '         how' (0.023)
[1703412277]  -  4673: '        Well' (0.021)
[1703412277]  -   560: '          In' (0.016)
[1703412277]  -  8784: '       Today' (0.016)
[1703412277]  - 21013: '     Overall' (0.016)
[1703412277]  -   325: '           (' (0.014)
[1703412277] sampled token:   315: ' I'
[1703412277] top 10 candidates:
[1703412277]  - 28742: '           '' (0.557)
[1703412277]  -   837: '          am' (0.381)
[1703412277]  -  3317: '        hope' (0.038)
[1703412277]  -   541: '         can' (0.005)
[1703412277]  -   511: '          do' (0.003)
[1703412277]  -   682: '       would' (0.002)
[1703412277]  -  1601: '        feel' (0.002)
[1703412277]  -   506: '        have' (0.002)
[1703412277]  -  2380: '  understand' (0.002)
[1703412277]  -  1073: '       think' (0.001)
[1703412277] sampled token: 28742: '''
[1703412278] top 10 candidates:
[1703412278]  - 28719: '           m' (0.994)
[1703412278]  - 28715: '           d' (0.005)
[1703412278]  -   584: '          ll' (0.001)
[1703412278]  -   333: '          ve' (0.000)
[1703412278]  -   314: '          am' (0.000)
[1703412278]  -   290: '           m' (0.000)
[1703412278]  -  1074: '          ts' (0.000)
[1703412278]  - 28755: '           M' (0.000)
[1703412278]  -   837: '          am' (0.000)
[1703412278]  - 19634: '         mma' (0.000)
[1703412278] sampled token: 28719: 'm'
[1703412278] top 10 candidates:
[1703412278]  -  2548: '       doing' (0.827)
[1703412278]  -  4433: '        fine' (0.093)
[1703412278]  -  1179: '        good' (0.052)
[1703412278]  -  8810: '        okay' (0.008)
[1703412278]  -  4622: '     feeling' (0.004)
[1703412278]  -   776: '        just' (0.002)
[1703412278]  -  3614: '          ok' (0.002)
[1703412278]  -  1404: '       going' (0.002)
[1703412278]  -  8200: '        glad' (0.002)
[1703412278]  -  1162: '        well' (0.001)
[1703412278] sampled token:  2548: ' doing'
[1703412278] top 10 candidates:
[1703412278]  -  1162: '        well' (0.454)
[1703412278]  -  4433: '        fine' (0.222)
[1703412278]  -  8810: '        okay' (0.179)
[1703412278]  -   389: '          al' (0.053)
[1703412278]  -   776: '        just' (0.037)
[1703412278]  -  3614: '          ok' (0.027)
[1703412278]  -  1179: '        good' (0.012)
[1703412278]  -  3468: '      pretty' (0.005)
[1703412278]  -   544: '         all' (0.004)
[1703412278]  - 12206: '          OK' (0.003)
[1703412278] sampled token:  1162: ' well'
[1703412279] top 10 candidates:
[1703412279]  - 28725: '           ,' (0.718)
[1703412279]  -   304: '         and' (0.119)
[1703412279]  - 28723: '           .' (0.081)
[1703412279]  -   387: '           -' (0.016)
[1703412279]  - 28745: '           ;' (0.012)
[1703412279]  -   297: '          in' (0.010)
[1703412279]  -  8196: '      thanks' (0.009)
[1703412279]  - 28808: '           !' (0.005)
[1703412279]  -  3561: '      myself' (0.005)
[1703412279]  -  6979: '       thank' (0.004)
[1703412279] sampled token: 28725: ','
[1703412279] top 10 candidates:
[1703412279]  -  6979: '       thank' (0.398)
[1703412279]  -   910: '         how' (0.277)
[1703412279]  -  8196: '      thanks' (0.219)
[1703412279]  -   304: '         and' (0.060)
[1703412279]  -   562: '         but' (0.013)
[1703412279]  -   767: '        what' (0.009)
[1703412279]  -   776: '        just' (0.007)
[1703412279]  -  3344: '      taking' (0.002)
[1703412279]  -   297: '          in' (0.001)
[1703412279]  -  2070: '      though' (0.001)
[1703412279] sampled token:  6979: ' thank'
[1703412279] top 10 candidates:
[1703412279]  -   368: '         you' (1.000)
[1703412279]  -   288: '         ing' (0.000)
[1703412279]  -   995: '         You' (0.000)
[1703412279]  - 28733: '           -' (0.000)
[1703412279]  -   354: '         for' (0.000)
[1703412279]  -  3071: '       fully' (0.000)
[1703412279]  -  1007: '         ful' (0.000)
[1703412279]  -   574: '        your' (0.000)
[1703412279]  -    13: '           
' (0.000)
[1703412279]  - 15479: '         YOU' (0.000)
[1703412279] sampled token:   368: ' you'
[1703412280] top 10 candidates:
[1703412280]  -   354: '         for' (0.833)
[1703412280]  - 28723: '           .' (0.124)
[1703412280]  - 28808: '           !' (0.030)
[1703412280]  - 28725: '           ,' (0.005)
[1703412280]  -   387: '           -' (0.004)
[1703412280]  - 28745: '           ;' (0.001)
[1703412280]  -   304: '         and' (0.001)
[1703412280]  -   764: '         –' (0.001)
[1703412280]  -   910: '         how' (0.000)
[1703412280]  - 28821: '         —' (0.000)
[1703412280] sampled token:   354: ' for'
[1703412280] top 10 candidates:
[1703412280]  -  7201: '      asking' (0.999)
[1703412280]  -   297: '          in' (0.000)
[1703412280]  -   574: '        your' (0.000)
[1703412280]  -  1250: '       being' (0.000)
[1703412280]  - 12779: '    checking' (0.000)
[1703412280]  - 22153: '      caring' (0.000)
[1703412280]  -  1460: '         ask' (0.000)
[1703412280]  - 12785: '   wondering' (0.000)
[1703412280]  -  1152: '         ask' (0.000)
[1703412280]  -   272: '         the' (0.000)
[1703412280] sampled token:  7201: ' asking'
[1703412280] top 10 candidates:
[1703412280]  - 28723: '           .' (0.496)
[1703412280]  - 28808: '           !' (0.490)
[1703412280]  - 28725: '           ,' (0.005)
[1703412280]  -   910: '         how' (0.003)
[1703412280]  -   387: '           -' (0.002)
[1703412280]  - 28745: '           ;' (0.001)
[1703412280]  -   304: '         and' (0.000)
[1703412280]  -   764: '         –' (0.000)
[1703412280]  - 15108: '          :)' (0.000)
[1703412280]  -     2: '            ' (0.000)
[1703412280] sampled token: 28723: '.'
[1703412281] top 10 candidates:
[1703412281]  -  1602: '         How' (0.695)
[1703412281]  -  1691: '          Is' (0.039)
[1703412281]  -   415: '         The' (0.031)
[1703412281]  -  1824: '        What' (0.029)
[1703412281]  -   315: '           I' (0.025)
[1703412281]  -  2418: '         Can' (0.021)
[1703412281]  -  1047: '          If' (0.021)
[1703412281]  -  4867: '         Are' (0.018)
[1703412281]  -  1015: '         And' (0.014)
[1703412281]  -     2: '            ' (0.014)
[1703412281] sampled token:  1602: ' How'
[1703412281] top 10 candidates:
[1703412281]  -   541: '         can' (0.495)
[1703412281]  -   684: '       about' (0.265)
[1703412281]  -   460: '         are' (0.222)
[1703412281]  -   993: '         may' (0.009)
[1703412281]  -   403: '         was' (0.003)
[1703412281]  -   349: '          is' (0.003)
[1703412281]  -   829: '       could' (0.001)
[1703412281]  - 28742: '           '' (0.001)
[1703412281]  -  1659: '       might' (0.000)
[1703412281]  -   511: '          do' (0.000)
[1703412281] sampled token:   684: ' about'
[1703412281] top 10 candidates:
[1703412281]  -  3936: '    yourself' (0.769)
[1703412281]  -   368: '         you' (0.225)
[1703412281]  -   574: '        your' (0.005)
[1703412281]  -    13: '           
' (0.000)
[1703412281]  -   356: '          on' (0.000)
[1703412281]  -   995: '         You' (0.000)
[1703412281]  - 13010: '       yours' (0.000)
[1703412281]  -     2: '            ' (0.000)
[1703412281]  -  7020: '         you' (0.000)
[1703412281]  - 15479: '         YOU' (0.000)
[1703412281] sampled token:  3936: ' yourself'
[1703412282] top 10 candidates:
[1703412282]  - 28804: '           ?' (0.995)
[1703412282]  -   442: '          or' (0.003)
[1703412282]  - 28725: '           ,' (0.001)
[1703412282]  -  3154: '       today' (0.000)
[1703412282]  -  1550: '           ?' (0.000)
[1703412282]  - 11030: '          ?.' (0.000)
[1703412282]  -  1103: '       right' (0.000)
[1703412282]  -     2: '            ' (0.000)
[1703412282]  -   304: '         and' (0.000)
[1703412282]  -   387: '           -' (0.000)
[1703412282] sampled token: 28804: '?'
[1703412282] top 10 candidates:
[1703412282]  -  1247: '        User' (0.561)
[1703412282]  -   730: '        User' (0.114)
[1703412282]  -  1047: '          If' (0.066)
[1703412282]  -     2: '            ' (0.047)
[1703412282]  -    13: '           
' (0.037)
[1703412282]  -  5919: '      Please' (0.026)
[1703412282]  -   415: '         The' (0.020)
[1703412282]  - 28705: '            ' (0.017)
[1703412282]  -   325: '           (' (0.011)
[1703412282]  - 13399: '    Remember' (0.011)
[1703412282] sampled token:   730: 'User'
[1703412282] top 10 candidates:
[1703412282]  - 28747: '           :' (0.998)
[1703412282]  -   714: '           :' (0.001)
[1703412282]  -   325: '           (' (0.000)
[1703412282]  -    13: '           
' (0.000)
[1703412282]  - 28745: '           ;' (0.000)
[1703412282]  - 28705: '            ' (0.000)
[1703412282]  - 28723: '           .' (0.000)
[1703412282]  -   993: '         may' (0.000)
[1703412282]  -  4825: '          :"' (0.000)
[1703412282]  -   564: '          ::' (0.000)
[1703412282] sampled token: 28747: ':'
